This is pdfeTeX, Version 3.141592-1.21a-2.2 (Web2C 7.5.4) (format=latex 2012.4.6)  9 APR 2015 17:34
entering extended mode
**thesis_pcui.tex
(./thesis_pcui.tex
LaTeX2e <2003/12/01>
Babel <v3.8d> and hyphenation patterns for american, french, german, ngerman, b
ahasa, basque, bulgarian, catalan, croatian, czech, danish, dutch, esperanto, e
stonian, finnish, greek, icelandic, irish, italian, latin, magyar, norsk, polis
h, portuges, romanian, russian, serbian, slovak, slovene, spanish, swedish, tur
kish, ukrainian, nohyphenation, loaded.
(/usr/share/texmf/tex/latex/base/report.cls
Document Class: report 2004/02/16 v1.4f Standard LaTeX document class
(/usr/share/texmf/tex/latex/base/size12.clo
File: size12.clo 2004/02/16 v1.4f Standard LaTeX file (size option)
)
\c@part=\count79
\c@chapter=\count80
\c@section=\count81
\c@subsection=\count82
\c@subsubsection=\count83
\c@paragraph=\count84
\c@subparagraph=\count85
\c@figure=\count86
\c@table=\count87
\abovecaptionskip=\skip41
\belowcaptionskip=\skip42
\bibindent=\dimen102
) (./smu_thesis.sty
===================================================================
 Document Style `thesis' (C) 1994, Jin Liu 
-------------------------------------------------------------------
 For the questions concerning the format and usage of this LaTeX 
 document style, please contact Jin Liu at "jin@seas.smu.edu", 
 Electrical Engineering Department, S.M.U., Dallas, Texas 75275. 
-------------------------------------------------------------------
 Modified by Yu Chih (Julie) Liu, 1997 
===================================================================
\numdegree=\count88
\numCmember=\count89
\hour=\count90
\minute=\count91
\dow=\count92
\leap=\count93
\x=\count94
\y=\count95
\c@ex=\count96
\c@theor=\count97
\c@mtd=\count98
\c@mydef=\count99
\c@algorithm=\count100
) (/usr/share/texmf/tex/generic/epsf/epsf.tex
This is `epsf.tex' v2.7k <10 July 1997>
\epsffilein=\read1
\epsfframemargin=\dimen103
\epsfframethickness=\dimen104
\epsfrsize=\dimen105
\epsftmp=\dimen106
\epsftsize=\dimen107
\epsfxsize=\dimen108
\epsfysize=\dimen109
\pspoints=\dimen110
\epsfnoopenhelp=\toks14
) (/usr/share/texmf/tex/latex/amsmath/amsmath.sty
Package: amsmath 2000/07/18 v2.13 AMS math features
\@mathmargin=\skip43

For additional information on amsmath, use the `?' option.
(/usr/share/texmf/tex/latex/amsmath/amstext.sty
Package: amstext 2000/06/29 v2.01

(/usr/share/texmf/tex/latex/amsmath/amsgen.sty
File: amsgen.sty 1999/11/30 v2.0
\@emptytoks=\toks15
\ex@=\dimen111
))
(/usr/share/texmf/tex/latex/amsmath/amsbsy.sty
Package: amsbsy 1999/11/29 v1.2d
\pmbraise@=\dimen112
)
(/usr/share/texmf/tex/latex/amsmath/amsopn.sty
Package: amsopn 1999/12/14 v2.01 operator names
)
\inf@bad=\count101
LaTeX Info: Redefining \frac on input line 211.
\uproot@=\count102
\leftroot@=\count103
LaTeX Info: Redefining \overline on input line 307.
\classnum@=\count104
\DOTSCASE@=\count105
LaTeX Info: Redefining \ldots on input line 379.
LaTeX Info: Redefining \dots on input line 382.
LaTeX Info: Redefining \cdots on input line 467.
\Mathstrutbox@=\box26
\strutbox@=\box27
\big@size=\dimen113
LaTeX Font Info:    Redeclaring font encoding OML on input line 567.
LaTeX Font Info:    Redeclaring font encoding OMS on input line 568.
\macc@depth=\count106
\c@MaxMatrixCols=\count107
\dotsspace@=\muskip10
\c@parentequation=\count108
\dspbrk@lvl=\count109
\tag@help=\toks16
\row@=\count110
\column@=\count111
\maxfields@=\count112
\andhelp@=\toks17
\eqnshift@=\dimen114
\alignsep@=\dimen115
\tagshift@=\dimen116
\tagwidth@=\dimen117
\totwidth@=\dimen118
\lineht@=\dimen119
\@envbody=\toks18
\multlinegap=\skip44
\multlinetaggap=\skip45
\mathdisplay@stack=\toks19
LaTeX Info: Redefining \[ on input line 2666.
LaTeX Info: Redefining \] on input line 2667.
)
(/usr/share/texmf/tex/latex/tools/bm.sty
Package: bm 2004/02/26 v1.1c Bold Symbol Support (DPC/FMi)
\symboldoperators=\mathgroup4
\symboldletters=\mathgroup5
\symboldsymbols=\mathgroup6
LaTeX Font Info:    Redeclaring math alphabet \mathbf on input line 137.
LaTeX Info: Redefining \bm on input line 203.
)
(/usr/share/texmf/tex/latex/graphics/graphicx.sty
Package: graphicx 1999/02/16 v1.0f Enhanced LaTeX Graphics (DPC,SPQR)

(/usr/share/texmf/tex/latex/graphics/keyval.sty
Package: keyval 1999/03/16 v1.13 key=value parser (DPC)
\KV@toks@=\toks20
)
(/usr/share/texmf/tex/latex/graphics/graphics.sty
Package: graphics 2001/07/07 v1.0n Standard LaTeX Graphics (DPC,SPQR)

(/usr/share/texmf/tex/latex/graphics/trig.sty
Package: trig 1999/03/16 v1.09 sin cos tan (DPC)
)
(/usr/share/texmf/tex/latex/graphics/graphics.cfg
File: graphics.cfg 2005/02/03 v1.3 graphics configuration of teTeX/TeXLive
)
Package graphics Info: Driver file: dvips.def on input line 80.

(/usr/share/texmf/tex/latex/graphics/dvips.def
File: dvips.def 1999/02/16 v3.0i Driver-dependant file (DPC,SPQR)
))
\Gin@req@height=\dimen120
\Gin@req@width=\dimen121
)
(/usr/share/texmf/tex/latex/tools/verbatim.sty
Package: verbatim 2003/08/22 v1.5q LaTeX2e package for verbatim enhancements
\every@verbatim=\toks21
\verbatim@line=\toks22
\verbatim@in@stream=\read2
)
(/usr/share/texmf/tex/latex/algorithms/algorithm.sty
Package: algorithm 

Document Style `algorithm' - floating environment
(/usr/share/texmf/tex/latex/float/float.sty
Package: float 2001/11/08 v1.3d Float enhancements (AL)
\c@float@type=\count113
\float@exts=\toks23
\float@box=\box28
\@float@everytoks=\toks24
\@floatcapt=\box29
)
(/usr/share/texmf/tex/latex/base/ifthen.sty
Package: ifthen 2001/05/26 v1.1c Standard LaTeX ifthen package (DPC)
)
\@float@every@algorithm=\toks25
)
(/usr/share/texmf/tex/latex/algorithms/algorithmic.sty
Package: algorithmic 

Document Style `algorithmic' - environment
(/usr/share/texmf/tex/latex/tools/calc.sty
Package: calc 1998/07/07 v4.1b Infix arithmetic (KKT,FJ)
\calc@Acount=\count114
\calc@Bcount=\count115
\calc@Adimen=\dimen122
\calc@Bdimen=\dimen123
\calc@Askip=\skip46
\calc@Bskip=\skip47
LaTeX Info: Redefining \setlength on input line 59.
LaTeX Info: Redefining \addtolength on input line 60.
\calc@denominator=\count116
)
\c@ALC@line=\count117
\c@ALC@rem=\count118
\c@ALC@depth=\count119
\ALC@tlm=\skip48
)
(/usr/share/texmf/tex/latex/fancyhdr/fancyhdr.sty
\fancy@headwidth=\skip49
\f@ncyO@elh=\skip50
\f@ncyO@erh=\skip51
\f@ncyO@olh=\skip52
\f@ncyO@orh=\skip53
\f@ncyO@elf=\skip54
\f@ncyO@erf=\skip55
\f@ncyO@olf=\skip56
\f@ncyO@orf=\skip57
)
(/usr/share/texmf/tex/latex/multirow/multirow.sty
\bigstrutjot=\dimen124
)
(/usr/share/texmf/tex/latex/url/url.sty
\Urlmuskip=\muskip11
Package: url 2004/03/15  ver 3.1  Verb mode for urls, etc.
)
(/usr/share/texmf/tex/latex/caption/caption.sty
Package: caption 2006/01/12 v3.0i Customising captions (AR)

(/usr/share/texmf/tex/latex/caption/caption3.sty
Package: caption3 2006/01/12 v3.0i caption3 kernel (AR)
\captionmargin=\dimen125
\captionmarginx=\dimen126
\captionwidth=\dimen127
\captionindent=\dimen128
\captionparindent=\dimen129
\captionhangindent=\dimen130
)
Package caption Info: float package v1.3 (or newer) detected on input line 263.

)
(/usr/share/texmf/tex/latex/subfigure/subfigure.sty
Package: subfigure 2002/07/30 v2.1.4 subfigure package
\subfigtopskip=\skip58
\subfigcapskip=\skip59
\subfigcaptopadj=\dimen131
\subfigbottomskip=\skip60
\subfigcapmargin=\dimen132
\subfiglabelskip=\skip61
\c@subfigure=\count120
\c@lofdepth=\count121
\c@subtable=\count122
\c@lotdepth=\count123

****************************************
* Local config file subfigure.cfg used *
****************************************
(/usr/share/texmf/tex/latex/subfigure/subfigure.cfg)
\subfig@top=\skip62
\subfig@bottom=\skip63
) (./thesis_pcui.aux

LaTeX Warning: Label `eq:actdef' multiply defined.


LaTeX Warning: Label `eq:intercap' multiply defined.


LaTeX Warning: Label `tab:activitymeasurement' multiply defined.

)
\openout1 = `thesis_pcui.aux'.

LaTeX Font Info:    Checking defaults for OML/cmm/m/it on input line 44.
LaTeX Font Info:    ... okay on input line 44.
LaTeX Font Info:    Checking defaults for T1/cmr/m/n on input line 44.
LaTeX Font Info:    ... okay on input line 44.
LaTeX Font Info:    Checking defaults for OT1/cmr/m/n on input line 44.
LaTeX Font Info:    ... okay on input line 44.
LaTeX Font Info:    Checking defaults for OMS/cmsy/m/n on input line 44.
LaTeX Font Info:    ... okay on input line 44.
LaTeX Font Info:    Checking defaults for OMX/cmex/m/n on input line 44.
LaTeX Font Info:    ... okay on input line 44.
LaTeX Font Info:    Checking defaults for U/cmr/m/n on input line 44.
LaTeX Font Info:    ... okay on input line 44.
 (/usr/share/texmf/tex/latex/ms/ragged2e.sty
Package: ragged2e 2003/03/25 v2.04 ragged2e Package (MS)

(/usr/share/texmf/tex/latex/ms/everysel.sty
Package: everysel 1999/06/08 v1.03 EverySelectfont Package (MS)
LaTeX Info: Redefining \selectfont on input line 125.
)
\CenteringLeftskip=\skip64
\RaggedLeftLeftskip=\skip65
\RaggedRightLeftskip=\skip66
\CenteringRightskip=\skip67
\RaggedLeftRightskip=\skip68
\RaggedRightRightskip=\skip69
\CenteringParfillskip=\skip70
\RaggedLeftParfillskip=\skip71
\RaggedRightParfillskip=\skip72
\JustifyingParfillskip=\skip73
\CenteringParindent=\skip74
\RaggedLeftParindent=\skip75
\RaggedRightParindent=\skip76
\JustifyingParindent=\skip77
)
\numfigure=\count124
\numtable=\count125
\chaptertest=\count126
 (./thesis_pcui.idx) [0


] [0]
(./acknow.tex [3]) [4]
Underfull \hbox (badness 10000) in paragraph at lines 114--114

 []

(./abstract.tex [5] [6] [7]) [8] [9] (./thesis_pcui.toc [10

] [11])
\tf@toc=\write3
\openout3 = `thesis_pcui.toc'.

 [12]
(./thesis_pcui.lof [13

])
\tf@lof=\write4
\openout4 = `thesis_pcui.lof'.

 [14] (./thesis_pcui.lot)
\tf@lot=\write5
\openout5 = `thesis_pcui.lot'.

 [15

] [0] (./chap_intro.tex
Chapter 1.
[1

] [2] [3] [4] [5] [6] [7] [8] [9] [10] [11]) (./chap_background.tex [12]
Chapter 2.
[13

] [14] [15]
File: figures/gw2358.eps Graphic file (type eps)
 <figures/gw2358.eps> [16]
File: figures/fsh8.eps Graphic file (type eps)
 <figures/fsh8.eps>
File: figures/wieyedatamap.eps Graphic file (type eps)

<figures/wieyedatamap.eps> [17] [18] [19]) (./chap_measurements.tex [20]
Chapter 3.
File: figures/emulator2.eps Graphic file (type eps)
<figures/emulator2.eps> [21

]
File: figures/infield.eps Graphic file (type eps)
 <figures/infield.eps>
File: figures/sa_process.eps Graphic file (type eps)
 <figures/sa_process.eps>
[22] [23]
File: figures/equipment.eps Graphic file (type eps)
 <figures/equipment.eps> [24] [25]
File: figures/drivemap.eps Graphic file (type eps)
 <figures/drivemap.eps>
File: figures/drivetest.eps Graphic file (type eps)

<figures/drivetest.eps>
Overfull \hbox (10.2402pt too wide) in paragraph at lines 235--251
 [][] 
 []

[26]
File: figures/measurements_map.eps Graphic file (type eps)
 <figures/measurements_map.eps> [27] [28] [29]
Overfull \hbox (248.08731pt too wide) in paragraph at lines 354--457
 [][] 
 []

File: figures/wieyeprocess.eps Graphic file (type eps)
<figures/wieyeprocess.eps> [30] [31]) (./chap_vnc.tex [32]
Chapter 4.
(./multiband_vnc/model.tex
Overfull \hbox (5.20886pt too wide) in paragraph at lines 14--21
[]\OT1/cmr/m/n/12 Consider a sys-tem with $\OML/cmm/m/it/12 n$ \OT1/cmr/m/n/12 
fre-quency bands, rep-re-sented by an in-dex set $\OMS/cmsy/m/n/12 f\OT1/cmr/m/
n/12 1\OML/cmm/m/it/12 ; \OT1/cmr/m/n/12 2\OML/cmm/m/it/12 ; [] ; n\OMS/cmsy/m/
n/12 g$\OT1/cmr/m/n/12 .
 []

[33

] [34]

LaTeX Warning: Reference `sec:vncexperimentdesign' on page 35 undefined on inpu
t line 98.

LaTeX Font Info:    Try loading font information for OMS+cmr on input line 114.

(/usr/share/texmf/tex/latex/base/omscmr.fd
File: omscmr.fd 1999/05/25 v2.5h Standard LaTeX font definitions
)
LaTeX Font Info:    Font shape `OMS/cmr/m/n' in size <12> not available
(Font)              Font shape `OMS/cmsy/m/n' tried instead on input line 114.
 [35] [36]

LaTeX Warning: Reference `sec:vncexperimentdesign' on page 37 undefined on inpu
t line 189.

) (./multiband_vnc/experiment.tex [37]
File: figures/performance_accuracy.eps Graphic file (type eps)
 <figures/performance_accuracy.eps>
[38]
Overfull \hbox (2.74246pt too wide) in paragraph at lines 66--70
[]\OT1/cmr/m/n/12 The sec-ond base-line al-go-rithm, \OT1/cmr/m/it/12 SNR-based
 Through-put Look-up\OT1/cmr/m/n/12 , main-tains 39.2%
 []

File: figures/performance_gap.eps Graphic file (type eps)
<figures/performance_gap.eps>
Overfull \hbox (10.09898pt too wide) in paragraph at lines 99--105
[]\OT1/cmr/m/n/12 The \OT1/cmr/m/it/12 Most Commonly-Selected Band Al-go-rithm 
\OT1/cmr/m/n/12 has two dif-fer-ent modes of through-
 []

[39]
File: figures/region_map.eps Graphic file (type eps)
 <figures/region_map.eps>
File: figures/mvsl.eps Graphic file (type eps)
 <figures/mvsl.eps> [40])
(./multiband_vnc/conclusion.tex) [41]) (./chap_winmee.tex [42]
Chapter 5.
(./multiband_winmee/problemformulation.tex [43

] [44] [45])
(./multiband_winmee/experiment.tex
File: figures/redensity.eps Graphic file (type eps)
 <figures/redensity.eps> [46] [47] [48])
(./multiband_moa/problemformulation.tex [49] [50] [51]
File: figures/lowtraffic.eps Graphic file (type eps)

<figures/lowtraffic.eps>
File: figures/mediumtraffic.eps Graphic file (type eps)
 <figures/mediumtraffic.eps>
File: figures/hightraffic.eps Graphic file (type eps)
 <figures/hightraffic.eps>
[52] (./multiband_moa/linear.tex
Underfull \hbox (badness 10000) in paragraph at lines 9--23

 []


Underfull \hbox (badness 10000) in paragraph at lines 25--33

 []

) [53] [54]) (./multiband_moa/experiment.tex [55] [56] [57]
File: figures/enoughchannels.eps Graphic file (type eps)

<figures/enoughchannels.eps>
File: figures/onewhitechannel.eps Graphic file (type eps)
 <figures/onewhitechannel.eps> [58]
File: figures/percentage.eps Graphic file (type eps)

<figures/percentage.eps>) (./multiband_whitecell/problemformulation.tex
[59] [60]
Overfull \hbox (101.30466pt too wide) in paragraph at lines 52--59
 [][] 
 []

File: figures/whitecell.eps Graphic file (type eps)
<figures/whitecell.eps> [61]

LaTeX Warning: Reference `subsec:experimentsetup' on page 62 undefined on input
 line 120.

[62]

LaTeX Warning: Reference `tab:notation' on page 63 undefined on input line 142.


File: figures/flowconfig.eps Graphic file (type eps)
<figures/flowconfig.eps> [63] [64]) (./multiband_whitecell/problemstatement.tex
[65] [66]

LaTeX Warning: Reference `sec:experiment' on page 67 undefined on input line 65
.

[67] [68]) (./multiband_whitecell/experiment.tex [69]
File: figures/timevary.eps Graphic file (type eps)
 <figures/timevary.eps>
[70] [71]
File: figures/delay_vary.eps Graphic file (type eps)
 <figures/delay_vary.eps> [72]
File: figures/populationvary.eps Graphic file (type eps)
 <figures/populationvary.eps> [73])
[74]) (./chap_wm.tex [75] [76]
Chapter 6.
(./multiband_wm/problemformulation.tex [77

]
File: figures/interferencerange2.eps Graphic file (type eps)
 <figures/interferencerange2.eps>
[78] [79] [80] [81]) (./multiband_wm/linearopt.tex
Underfull \hbox (badness 10000) in paragraph at lines 22--49

 []


Overfull \hbox (1.68642pt too wide) in paragraph at lines 22--49
[] 
 []

[82]
Underfull \hbox (badness 10000) in paragraph at lines 57--70

 []


Overfull \hbox (25.40338pt too wide) in paragraph at lines 57--70
[]
 []

[83] [84]) (./multiband_wm/wmalgorithms.tex
(./multiband_wm/networkefficiency.tex [85] [86])

LaTeX Warning: Float too large for page by 6.71977pt on input line 54.

[87] [88]

Package amsmath Warning: Foreign command \atopwithdelims;
(amsmath)                \frac or \genfrac should be used instead
(amsmath)                 on input line 85.

) (./multiband_wm/experiment.tex [89] [90] [91]
File: figures/varysize.eps Graphic file (type eps)
 <figures/varysize.eps>
File: figures/maxtpt.eps Graphic file (type eps)

<figures/maxtpt.eps> [92] [93] [94]
Underfull \hbox (badness 10000) in paragraph at lines 237--237
[]\OT1/cmr/m/n/12 Multi-WS
 []


Underfull \hbox (badness 10000) in paragraph at lines 237--237
[]\OT1/cmr/m/n/12 Multi-WS
 []


Underfull \hbox (badness 10000) in paragraph at lines 237--238
[]\OT1/cmr/m/n/12 Multi-WS
 []


Overfull \hbox (17.34015pt too wide) in paragraph at lines 215--256
 [][] 
 []


Overfull \hbox (16.86353pt too wide) in paragraph at lines 215--256
 [] 
 []

[95] [96] [97]
File: figures/actspac3d.eps Graphic file (type eps)
 <figures/actspac3d.eps>

LaTeX Warning: `h' float specifier changed to `ht'.

File: figures/act_spacing.eps Graphic file (type eps)
<figures/act_spacing.eps>

LaTeX Warning: `h' float specifier changed to `ht'.

[98]) (./multiband_wm/conclusion.tex [99])) (./chap_related.tex [100]
Chapter 7.
[101

] [102] [103] [104] [105]) (./chap_conclusion.tex [106]
Chapter 8.
) (./thesis_pcui.bbl [107

]
REFERENCES.
[108

]
Underfull \hbox (badness 10000) in paragraph at lines 98--103
[]\OT1/cmr/m/sc/12 Cheng, J.  \OT1/cmr/m/n/12 Philadel-phia's mu-nic-i-pal WiFi
 net-work to
 []


Underfull \hbox (badness 10000) in paragraph at lines 98--103
\OT1/cmr/m/n/12 go dark.  $\OT1/cmtt/m/n/12 http : / / arstechnica . com / gadg
ets / 2008 / 05 /
 []

[109]
Underfull \hbox (badness 7221) in paragraph at lines 185--188
[]\OT1/cmr/m/sc/12 Google\OT1/cmr/m/n/12 .  Spec-trum database.  $\OT1/cmtt/m/n
/12 http : / / www . google . org / spectrum /
 []

[110] [111] [112] [113] [114])
\openout7 = `thesis_pcui.idx'.


Total number of figures: 32
Total number of tables: 7
[115] (./thesis_pcui.aux)

LaTeX Warning: There were undefined references.


LaTeX Warning: There were multiply-defined labels.

 ) 
Here is how much of TeX's memory you used:
 3147 strings out of 94501
 40763 string characters out of 1176790
 118149 words of memory out of 1000000
 6153 multiletter control sequences out of 10000+50000
 13298 words of font info for 48 fonts, out of 500000 for 2000
 580 hyphenation exceptions out of 1000
 35i,9n,43p,417b,678s stack positions out of 1500i,500n,5000p,200000b,5000s

Output written on thesis_pcui.dvi (131 pages, 354564 bytes).
